<?xml version="1.0" encoding="UTF-8"?>
<testsuite xmlns:xsi="http://www.w3.org/2001/XMLSchema-instance" xsi:noNamespaceSchemaLocation="https://maven.apache.org/surefire/maven-surefire-plugin/xsd/surefire-test-report-3.0.xsd" version="3.0" name="org.tripleng.likesidehotel.LikeSideHotelApplicationTests" time="7.811" tests="1" errors="0" skipped="0" failures="0">
  <properties>
[...]
</properties>
  <testcase name="contextLoads" classname="org.tripleng.likesidehotel.LikeSideHotelApplicationTests" time="0.371">
    <system-out><![CDATA[10:08:57.707 [main] INFO org.springframework.test.context.support.AnnotationConfigContextLoaderUtils -- Could not detect default configuration classes for test class [org.tripleng.likesidehotel.LikeSideHotelApplicationTests]: LikeSideHotelApplicationTests does not declare any static, non-private, non-final, nested classes annotated with @Configuration.
10:08:57.768 [main] INFO org.springframework.boot.test.context.SpringBootTestContextBootstrapper -- Found @SpringBootConfiguration org.tripleng.likesidehotel.LikeSideHotelApplication for test class org.tripleng.likesidehotel.LikeSideHotelApplicationTests

  .   ____          _            __ _ _
 /\\ / ___'_ __ _ _(_)_ __  __ _ \ \ \ \
( ( )\___ | '_ | '_| | '_ \/ _` | \ \ \ \
 \\/  ___)| |_)| | | | | || (_| |  ) ) ) )
  '  |____| .__|_| |_|_| |_\__, | / / / /
 =========|_|==============|___/=/_/_/_/
 :: Spring Boot ::                (v3.2.2)

2024-03-11T10:08:58.069+07:00  INFO 18318 --- [           main] o.t.l.LikeSideHotelApplicationTests      : Starting LikeSideHotelApplicationTests using Java 17.0.10 with PID 18318 (started by tripleng in /home/tripleng/Workspace/Code Chill Chill/Project-Hotel/lakeSide-hotel-backend)
2024-03-11T10:08:58.071+07:00  INFO 18318 --- [           main] o.t.l.LikeSideHotelApplicationTests      : No active profile set, falling back to 1 default profile: "default"
2024-03-11T10:08:58.600+07:00  INFO 18318 --- [           main] .s.d.r.c.RepositoryConfigurationDelegate : Bootstrapping Spring Data JPA repositories in DEFAULT mode.
2024-03-11T10:08:58.659+07:00  INFO 18318 --- [           main] .s.d.r.c.RepositoryConfigurationDelegate : Finished Spring Data repository scanning in 51 ms. Found 5 JPA repository interfaces.
2024-03-11T10:08:59.091+07:00  INFO 18318 --- [           main] o.hibernate.jpa.internal.util.LogHelper  : HHH000204: Processing PersistenceUnitInfo [name: default]
2024-03-11T10:08:59.130+07:00  INFO 18318 --- [           main] org.hibernate.Version                    : HHH000412: Hibernate ORM core version 6.4.1.Final
2024-03-11T10:08:59.155+07:00  INFO 18318 --- [           main] o.h.c.internal.RegionFactoryInitiator    : HHH000026: Second-level cache disabled
2024-03-11T10:08:59.302+07:00  INFO 18318 --- [           main] o.s.o.j.p.SpringPersistenceUnitInfo      : No LoadTimeWeaver setup: ignoring JPA class transformer
2024-03-11T10:08:59.322+07:00  INFO 18318 --- [           main] com.zaxxer.hikari.HikariDataSource       : HikariPool-1 - Starting...
2024-03-11T10:09:00.279+07:00  INFO 18318 --- [           main] com.zaxxer.hikari.pool.HikariPool        : HikariPool-1 - Added connection org.postgresql.jdbc.PgConnection@7bdb4f17
2024-03-11T10:09:00.280+07:00  INFO 18318 --- [           main] com.zaxxer.hikari.HikariDataSource       : HikariPool-1 - Start completed.
2024-03-11T10:09:00.340+07:00  WARN 18318 --- [           main] org.hibernate.orm.deprecation            : HHH90000025: PostgreSQLDialect does not need to be specified explicitly using 'hibernate.dialect' (remove the property setting and it will be selected by default)
2024-03-11T10:09:01.238+07:00  INFO 18318 --- [           main] o.h.e.t.j.p.i.JtaPlatformInitiator       : HHH000489: No JTA platform available (set 'hibernate.transaction.jta.platform' to enable JTA platform integration)
2024-03-11T10:09:01.246+07:00 DEBUG 18318 --- [           main] org.hibernate.SQL                        : 
    alter table if exists booked_room 
       drop constraint if exists FKdpu8cukldi44emkf2rty0j40y
Hibernate: 
    alter table if exists booked_room 
       drop constraint if exists FKdpu8cukldi44emkf2rty0j40y
2024-03-11T10:09:01.334+07:00  WARN 18318 --- [           main] o.h.engine.jdbc.spi.SqlExceptionHelper   : SQL Warning Code: 0, SQLState: 00000
2024-03-11T10:09:01.335+07:00  WARN 18318 --- [           main] o.h.engine.jdbc.spi.SqlExceptionHelper   : relation "booked_room" does not exist, skipping
2024-03-11T10:09:01.335+07:00 DEBUG 18318 --- [           main] org.hibernate.SQL                        : 
    alter table if exists confirmation_token 
       drop constraint if exists FKah4p1rycwibwm6s9bsyeckq51
Hibernate: 
    alter table if exists confirmation_token 
       drop constraint if exists FKah4p1rycwibwm6s9bsyeckq51
2024-03-11T10:09:01.383+07:00  WARN 18318 --- [           main] o.h.engine.jdbc.spi.SqlExceptionHelper   : SQL Warning Code: 0, SQLState: 00000
2024-03-11T10:09:01.383+07:00  WARN 18318 --- [           main] o.h.engine.jdbc.spi.SqlExceptionHelper   : relation "confirmation_token" does not exist, skipping
2024-03-11T10:09:01.383+07:00 DEBUG 18318 --- [           main] org.hibernate.SQL                        : 
    alter table if exists room_photo_urls 
       drop constraint if exists FKpk7ywge9id201f57nffksiwbi
Hibernate: 
    alter table if exists room_photo_urls 
       drop constraint if exists FKpk7ywge9id201f57nffksiwbi
2024-03-11T10:09:01.423+07:00  WARN 18318 --- [           main] o.h.engine.jdbc.spi.SqlExceptionHelper   : SQL Warning Code: 0, SQLState: 00000
2024-03-11T10:09:01.423+07:00  WARN 18318 --- [           main] o.h.engine.jdbc.spi.SqlExceptionHelper   : relation "room_photo_urls" does not exist, skipping
2024-03-11T10:09:01.423+07:00 DEBUG 18318 --- [           main] org.hibernate.SQL                        : 
    alter table if exists users_roles 
       drop constraint if exists FKt4v0rrweyk393bdgt107vdx0x
Hibernate: 
    alter table if exists users_roles 
       drop constraint if exists FKt4v0rrweyk393bdgt107vdx0x
2024-03-11T10:09:01.459+07:00  WARN 18318 --- [           main] o.h.engine.jdbc.spi.SqlExceptionHelper   : SQL Warning Code: 0, SQLState: 00000
2024-03-11T10:09:01.460+07:00  WARN 18318 --- [           main] o.h.engine.jdbc.spi.SqlExceptionHelper   : relation "users_roles" does not exist, skipping
2024-03-11T10:09:01.460+07:00 DEBUG 18318 --- [           main] org.hibernate.SQL                        : 
    alter table if exists users_roles 
       drop constraint if exists FK2o0jvgh89lemvvo17cbqvdxaa
Hibernate: 
    alter table if exists users_roles 
       drop constraint if exists FK2o0jvgh89lemvvo17cbqvdxaa
2024-03-11T10:09:01.501+07:00  WARN 18318 --- [           main] o.h.engine.jdbc.spi.SqlExceptionHelper   : SQL Warning Code: 0, SQLState: 00000
2024-03-11T10:09:01.501+07:00  WARN 18318 --- [           main] o.h.engine.jdbc.spi.SqlExceptionHelper   : relation "users_roles" does not exist, skipping
2024-03-11T10:09:01.501+07:00 DEBUG 18318 --- [           main] org.hibernate.SQL                        : 
    drop table if exists booked_room cascade
Hibernate: 
    drop table if exists booked_room cascade
2024-03-11T10:09:01.534+07:00  WARN 18318 --- [           main] o.h.engine.jdbc.spi.SqlExceptionHelper   : SQL Warning Code: 0, SQLState: 00000
2024-03-11T10:09:01.534+07:00  WARN 18318 --- [           main] o.h.engine.jdbc.spi.SqlExceptionHelper   : table "booked_room" does not exist, skipping
2024-03-11T10:09:01.534+07:00 DEBUG 18318 --- [           main] org.hibernate.SQL                        : 
    drop table if exists confirmation_token cascade
Hibernate: 
    drop table if exists confirmation_token cascade
2024-03-11T10:09:01.577+07:00  WARN 18318 --- [           main] o.h.engine.jdbc.spi.SqlExceptionHelper   : SQL Warning Code: 0, SQLState: 00000
2024-03-11T10:09:01.577+07:00  WARN 18318 --- [           main] o.h.engine.jdbc.spi.SqlExceptionHelper   : table "confirmation_token" does not exist, skipping
2024-03-11T10:09:01.577+07:00 DEBUG 18318 --- [           main] org.hibernate.SQL                        : 
    drop table if exists role cascade
Hibernate: 
    drop table if exists role cascade
2024-03-11T10:09:01.612+07:00  WARN 18318 --- [           main] o.h.engine.jdbc.spi.SqlExceptionHelper   : SQL Warning Code: 0, SQLState: 00000
2024-03-11T10:09:01.612+07:00  WARN 18318 --- [           main] o.h.engine.jdbc.spi.SqlExceptionHelper   : table "role" does not exist, skipping
2024-03-11T10:09:01.612+07:00 DEBUG 18318 --- [           main] org.hibernate.SQL                        : 
    drop table if exists room cascade
Hibernate: 
    drop table if exists room cascade
2024-03-11T10:09:01.650+07:00  WARN 18318 --- [           main] o.h.engine.jdbc.spi.SqlExceptionHelper   : SQL Warning Code: 0, SQLState: 00000
2024-03-11T10:09:01.650+07:00  WARN 18318 --- [           main] o.h.engine.jdbc.spi.SqlExceptionHelper   : table "room" does not exist, skipping
2024-03-11T10:09:01.651+07:00 DEBUG 18318 --- [           main] org.hibernate.SQL                        : 
    drop table if exists room_photo_urls cascade
Hibernate: 
    drop table if exists room_photo_urls cascade
2024-03-11T10:09:01.684+07:00  WARN 18318 --- [           main] o.h.engine.jdbc.spi.SqlExceptionHelper   : SQL Warning Code: 0, SQLState: 00000
2024-03-11T10:09:01.684+07:00  WARN 18318 --- [           main] o.h.engine.jdbc.spi.SqlExceptionHelper   : table "room_photo_urls" does not exist, skipping
2024-03-11T10:09:01.684+07:00 DEBUG 18318 --- [           main] org.hibernate.SQL                        : 
    drop table if exists users cascade
Hibernate: 
    drop table if exists users cascade
2024-03-11T10:09:01.725+07:00  WARN 18318 --- [           main] o.h.engine.jdbc.spi.SqlExceptionHelper   : SQL Warning Code: 0, SQLState: 00000
2024-03-11T10:09:01.725+07:00  WARN 18318 --- [           main] o.h.engine.jdbc.spi.SqlExceptionHelper   : table "users" does not exist, skipping
2024-03-11T10:09:01.725+07:00 DEBUG 18318 --- [           main] org.hibernate.SQL                        : 
    drop table if exists users_roles cascade
Hibernate: 
    drop table if exists users_roles cascade
2024-03-11T10:09:01.763+07:00  WARN 18318 --- [           main] o.h.engine.jdbc.spi.SqlExceptionHelper   : SQL Warning Code: 0, SQLState: 00000
2024-03-11T10:09:01.763+07:00  WARN 18318 --- [           main] o.h.engine.jdbc.spi.SqlExceptionHelper   : table "users_roles" does not exist, skipping
2024-03-11T10:09:01.763+07:00 DEBUG 18318 --- [           main] org.hibernate.SQL                        : 
    drop sequence if exists confirmation_token_sequence
Hibernate: 
    drop sequence if exists confirmation_token_sequence
2024-03-11T10:09:01.803+07:00  WARN 18318 --- [           main] o.h.engine.jdbc.spi.SqlExceptionHelper   : SQL Warning Code: 0, SQLState: 00000
2024-03-11T10:09:01.803+07:00  WARN 18318 --- [           main] o.h.engine.jdbc.spi.SqlExceptionHelper   : sequence "confirmation_token_sequence" does not exist, skipping
2024-03-11T10:09:01.808+07:00 DEBUG 18318 --- [           main] org.hibernate.SQL                        : 
    create sequence confirmation_token_sequence start with 1 increment by 1
Hibernate: 
    create sequence confirmation_token_sequence start with 1 increment by 1
2024-03-11T10:09:01.856+07:00 DEBUG 18318 --- [           main] org.hibernate.SQL                        : 
    create table booked_room (
        adults integer,
        check_in date,
        check_out date,
        children integer,
        total_guest integer,
        booking_id bigserial not null,
        room_id bigint,
        confirmation_code varchar(255),
        guest_email varchar(255),
        guest_full_name varchar(255),
        primary key (booking_id)
    )
Hibernate: 
    create table booked_room (
        adults integer,
        check_in date,
        check_out date,
        children integer,
        total_guest integer,
        booking_id bigserial not null,
        room_id bigint,
        confirmation_code varchar(255),
        guest_email varchar(255),
        guest_full_name varchar(255),
        primary key (booking_id)
    )
2024-03-11T10:09:01.897+07:00 DEBUG 18318 --- [           main] org.hibernate.SQL                        : 
    create table confirmation_token (
        confirmed_at timestamp(6),
        created_at timestamp(6) not null,
        expires_at timestamp(6) not null,
        id bigint not null,
        user_id bigint not null,
        token varchar(255) not null,
        primary key (id)
    )
Hibernate: 
    create table confirmation_token (
        confirmed_at timestamp(6),
        created_at timestamp(6) not null,
        expires_at timestamp(6) not null,
        id bigint not null,
        user_id bigint not null,
        token varchar(255) not null,
        primary key (id)
    )
2024-03-11T10:09:01.936+07:00 DEBUG 18318 --- [           main] org.hibernate.SQL                        : 
    create table role (
        id bigserial not null,
        name varchar(255),
        primary key (id)
    )
Hibernate: 
    create table role (
        id bigserial not null,
        name varchar(255),
        primary key (id)
    )
2024-03-11T10:09:01.974+07:00 DEBUG 18318 --- [           main] org.hibernate.SQL                        : 
    create table room (
        is_booked boolean,
        room_price numeric(38,2),
        id bigserial not null,
        room_type varchar(255),
        primary key (id)
    )
Hibernate: 
    create table room (
        is_booked boolean,
        room_price numeric(38,2),
        id bigserial not null,
        room_type varchar(255),
        primary key (id)
    )
2024-03-11T10:09:02.018+07:00 DEBUG 18318 --- [           main] org.hibernate.SQL                        : 
    create table room_photo_urls (
        room_id bigint not null,
        photo_urls TEXT
    )
Hibernate: 
    create table room_photo_urls (
        room_id bigint not null,
        photo_urls TEXT
    )
2024-03-11T10:09:02.097+07:00 DEBUG 18318 --- [           main] org.hibernate.SQL                        : 
    create table users (
        enabled boolean,
        locked boolean,
        id bigserial not null,
        email varchar(255),
        first_name varchar(255),
        last_name varchar(255),
        password varchar(255),
        primary key (id)
    )
Hibernate: 
    create table users (
        enabled boolean,
        locked boolean,
        id bigserial not null,
        email varchar(255),
        first_name varchar(255),
        last_name varchar(255),
        password varchar(255),
        primary key (id)
    )
2024-03-11T10:09:02.144+07:00 DEBUG 18318 --- [           main] org.hibernate.SQL                        : 
    create table users_roles (
        role_id bigint not null,
        user_id bigint not null
    )
Hibernate: 
    create table users_roles (
        role_id bigint not null,
        user_id bigint not null
    )
2024-03-11T10:09:02.177+07:00 DEBUG 18318 --- [           main] org.hibernate.SQL                        : 
    alter table if exists booked_room 
       add constraint FKdpu8cukldi44emkf2rty0j40y 
       foreign key (room_id) 
       references room
Hibernate: 
    alter table if exists booked_room 
       add constraint FKdpu8cukldi44emkf2rty0j40y 
       foreign key (room_id) 
       references room
2024-03-11T10:09:02.213+07:00 DEBUG 18318 --- [           main] org.hibernate.SQL                        : 
    alter table if exists confirmation_token 
       add constraint FKah4p1rycwibwm6s9bsyeckq51 
       foreign key (user_id) 
       references users
Hibernate: 
    alter table if exists confirmation_token 
       add constraint FKah4p1rycwibwm6s9bsyeckq51 
       foreign key (user_id) 
       references users
2024-03-11T10:09:02.249+07:00 DEBUG 18318 --- [           main] org.hibernate.SQL                        : 
    alter table if exists room_photo_urls 
       add constraint FKpk7ywge9id201f57nffksiwbi 
       foreign key (room_id) 
       references room
Hibernate: 
    alter table if exists room_photo_urls 
       add constraint FKpk7ywge9id201f57nffksiwbi 
       foreign key (room_id) 
       references room
2024-03-11T10:09:02.284+07:00 DEBUG 18318 --- [           main] org.hibernate.SQL                        : 
    alter table if exists users_roles 
       add constraint FKt4v0rrweyk393bdgt107vdx0x 
       foreign key (role_id) 
       references role
Hibernate: 
    alter table if exists users_roles 
       add constraint FKt4v0rrweyk393bdgt107vdx0x 
       foreign key (role_id) 
       references role
2024-03-11T10:09:02.320+07:00 DEBUG 18318 --- [           main] org.hibernate.SQL                        : 
    alter table if exists users_roles 
       add constraint FK2o0jvgh89lemvvo17cbqvdxaa 
       foreign key (user_id) 
       references users
Hibernate: 
    alter table if exists users_roles 
       add constraint FK2o0jvgh89lemvvo17cbqvdxaa 
       foreign key (user_id) 
       references users
2024-03-11T10:09:02.360+07:00  INFO 18318 --- [           main] j.LocalContainerEntityManagerFactoryBean : Initialized JPA EntityManagerFactory for persistence unit 'default'
2024-03-11T10:09:02.665+07:00  INFO 18318 --- [           main] o.s.d.j.r.query.QueryEnhancerFactory     : Hibernate is in classpath; If applicable, HQL parser will be used.
2024-03-11T10:09:03.304+07:00  WARN 18318 --- [           main] c.a.a.p.i.BasicProfileConfigLoader       : Your profile name includes a 'profile ' prefix. This is considered part of the profile name in the Java SDK, so you will need to include this prefix in your profile name when you reference this profile from your Java code.
2024-03-11T10:09:03.391+07:00  WARN 18318 --- [           main] c.a.a.p.i.BasicProfileConfigLoader       : Your profile name includes a 'profile ' prefix. This is considered part of the profile name in the Java SDK, so you will need to include this prefix in your profile name when you reference this profile from your Java code.
2024-03-11T10:09:03.465+07:00  WARN 18318 --- [           main] c.a.a.p.i.BasicProfileConfigLoader       : Your profile name includes a 'profile ' prefix. This is considered part of the profile name in the Java SDK, so you will need to include this prefix in your profile name when you reference this profile from your Java code.
2024-03-11T10:09:03.576+07:00  WARN 18318 --- [           main] JpaBaseConfiguration$JpaWebConfiguration : spring.jpa.open-in-view is enabled by default. Therefore, database queries may be performed during view rendering. Explicitly configure spring.jpa.open-in-view to disable this warning
2024-03-11T10:09:03.923+07:00  INFO 18318 --- [           main] o.s.s.web.DefaultSecurityFilterChain     : Will secure any request with [org.springframework.security.web.session.DisableEncodeUrlFilter@30b3d9ef, org.springframework.security.web.context.request.async.WebAsyncManagerIntegrationFilter@5d32d8f, org.springframework.security.web.context.SecurityContextHolderFilter@5d642e46, org.springframework.security.web.header.HeaderWriterFilter@2a53d576, org.springframework.web.filter.CorsFilter@3747877, org.springframework.security.web.authentication.logout.LogoutFilter@1676550a, org.springframework.web.filter.CorsFilter@3747877, org.tripleng.likesidehotel.config.jwt.AuthTokenFilter@510fb1d8, org.springframework.security.web.savedrequest.RequestCacheAwareFilter@2da8cbb9, org.springframework.security.web.servletapi.SecurityContextHolderAwareRequestFilter@9a99c10, org.springframework.security.web.authentication.AnonymousAuthenticationFilter@3ebb8383, org.springframework.security.web.session.SessionManagementFilter@23339a25, org.springframework.security.web.access.ExceptionTranslationFilter@2afdb2b1, org.springframework.security.web.access.intercept.AuthorizationFilter@7679a54b]
2024-03-11T10:09:04.158+07:00  INFO 18318 --- [           main] o.t.l.LikeSideHotelApplicationTests      : Started LikeSideHotelApplicationTests in 6.295 seconds (process running for 6.935)
2024-03-11T10:09:04.289+07:00 DEBUG 18318 --- [           main] org.hibernate.SQL                        : 
    insert 
    into
        role
        (name) 
    values
        (?)
Hibernate: 
    insert 
    into
        role
        (name) 
    values
        (?)
2024-03-11T10:09:04.469+07:00 DEBUG 18318 --- [           main] org.hibernate.SQL                        : 
    insert 
    into
        role
        (name) 
    values
        (?)
Hibernate: 
    insert 
    into
        role
        (name) 
    values
        (?)
2024-03-11T10:09:04.586+07:00 DEBUG 18318 --- [           main] org.hibernate.SQL                        : 
    insert 
    into
        role
        (name) 
    values
        (?)
Hibernate: 
    insert 
    into
        role
        (name) 
    values
        (?)
2024-03-11T10:09:04.786+07:00 DEBUG 18318 --- [           main] org.hibernate.SQL                        : 
    select
        r1_0.id,
        r1_0.name 
    from
        role r1_0 
    where
        r1_0.name=?
Hibernate: 
    select
        r1_0.id,
        r1_0.name 
    from
        role r1_0 
    where
        r1_0.name=?
2024-03-11T10:09:04.838+07:00 DEBUG 18318 --- [           main] org.hibernate.SQL                        : 
    select
        u1_0.id,
        u1_0.email,
        u1_0.enabled,
        u1_0.first_name,
        u1_0.last_name,
        u1_0.locked,
        u1_0.password,
        r1_0.user_id,
        r1_1.id,
        r1_1.name 
    from
        users u1_0 
    left join
        users_roles r1_0 
            on u1_0.id=r1_0.user_id 
    left join
        role r1_1 
            on r1_1.id=r1_0.role_id 
    where
        u1_0.id=?
Hibernate: 
    select
        u1_0.id,
        u1_0.email,
        u1_0.enabled,
        u1_0.first_name,
        u1_0.last_name,
        u1_0.locked,
        u1_0.password,
        r1_0.user_id,
        r1_1.id,
        r1_1.name 
    from
        users u1_0 
    left join
        users_roles r1_0 
            on u1_0.id=r1_0.user_id 
    left join
        role r1_1 
            on r1_1.id=r1_0.role_id 
    where
        u1_0.id=?
2024-03-11T10:09:04.878+07:00 DEBUG 18318 --- [           main] org.hibernate.SQL                        : 
    insert 
    into
        users
        (email, enabled, first_name, last_name, locked, password) 
    values
        (?, ?, ?, ?, ?, ?)
Hibernate: 
    insert 
    into
        users
        (email, enabled, first_name, last_name, locked, password) 
    values
        (?, ?, ?, ?, ?, ?)
2024-03-11T10:09:04.914+07:00 DEBUG 18318 --- [           main] org.hibernate.SQL                        : 
    select
        r1_0.id,
        r1_0.name 
    from
        role r1_0 
    where
        r1_0.id=?
Hibernate: 
    select
        r1_0.id,
        r1_0.name 
    from
        role r1_0 
    where
        r1_0.id=?
2024-03-11T10:09:04.951+07:00 DEBUG 18318 --- [           main] org.hibernate.SQL                        : 
    insert 
    into
        users_roles
        (user_id, role_id) 
    values
        (?, ?)
Hibernate: 
    insert 
    into
        users_roles
        (user_id, role_id) 
    values
        (?, ?)
]]></system-out>
  </testcase>
</testsuite>