<?xml version="1.0" encoding="UTF-8"?>
<testsuite xmlns:xsi="http://www.w3.org/2001/XMLSchema-instance" xsi:noNamespaceSchemaLocation="https://maven.apache.org/surefire/maven-surefire-plugin/xsd/surefire-test-report-3.0.xsd" version="3.0" name="org.tripleng.likesidehotel.LikeSideHotelApplicationTests" time="8.609" tests="1" errors="0" skipped="0" failures="0">
  <properties>
[...]
</properties>
  <testcase name="contextLoads" classname="org.tripleng.likesidehotel.LikeSideHotelApplicationTests" time="0.358">
    <system-out><![CDATA[21:59:22.623 [main] INFO org.springframework.test.context.support.AnnotationConfigContextLoaderUtils -- Could not detect default configuration classes for test class [org.tripleng.likesidehotel.LikeSideHotelApplicationTests]: LikeSideHotelApplicationTests does not declare any static, non-private, non-final, nested classes annotated with @Configuration.
21:59:22.685 [main] INFO org.springframework.boot.test.context.SpringBootTestContextBootstrapper -- Found @SpringBootConfiguration org.tripleng.likesidehotel.LikeSideHotelApplication for test class org.tripleng.likesidehotel.LikeSideHotelApplicationTests

  .   ____          _            __ _ _
 /\\ / ___'_ __ _ _(_)_ __  __ _ \ \ \ \
( ( )\___ | '_ | '_| | '_ \/ _` | \ \ \ \
 \\/  ___)| |_)| | | | | || (_| |  ) ) ) )
  '  |____| .__|_| |_|_| |_\__, | / / / /
 =========|_|==============|___/=/_/_/_/
 :: Spring Boot ::                (v3.2.2)

2024-03-11T21:59:22.924+07:00  INFO 35018 --- [           main] o.t.l.LikeSideHotelApplicationTests      : Starting LikeSideHotelApplicationTests using Java 17.0.10 with PID 35018 (started by tripleng in /home/tripleng/Workspace/Code Chill Chill/Project-Hotel/lakeSide-hotel-backend)
2024-03-11T21:59:22.925+07:00  INFO 35018 --- [           main] o.t.l.LikeSideHotelApplicationTests      : No active profile set, falling back to 1 default profile: "default"
2024-03-11T21:59:23.295+07:00  INFO 35018 --- [           main] .s.d.r.c.RepositoryConfigurationDelegate : Bootstrapping Spring Data JPA repositories in DEFAULT mode.
2024-03-11T21:59:23.337+07:00  INFO 35018 --- [           main] .s.d.r.c.RepositoryConfigurationDelegate : Finished Spring Data repository scanning in 37 ms. Found 5 JPA repository interfaces.
2024-03-11T21:59:23.678+07:00  INFO 35018 --- [           main] o.hibernate.jpa.internal.util.LogHelper  : HHH000204: Processing PersistenceUnitInfo [name: default]
2024-03-11T21:59:23.704+07:00  INFO 35018 --- [           main] org.hibernate.Version                    : HHH000412: Hibernate ORM core version 6.4.1.Final
2024-03-11T21:59:23.724+07:00  INFO 35018 --- [           main] o.h.c.internal.RegionFactoryInitiator    : HHH000026: Second-level cache disabled
2024-03-11T21:59:23.840+07:00  INFO 35018 --- [           main] o.s.o.j.p.SpringPersistenceUnitInfo      : No LoadTimeWeaver setup: ignoring JPA class transformer
2024-03-11T21:59:23.854+07:00  INFO 35018 --- [           main] com.zaxxer.hikari.HikariDataSource       : HikariPool-1 - Starting...
2024-03-11T21:59:24.857+07:00  INFO 35018 --- [           main] com.zaxxer.hikari.pool.HikariPool        : HikariPool-1 - Added connection org.postgresql.jdbc.PgConnection@11f3400c
2024-03-11T21:59:24.860+07:00  INFO 35018 --- [           main] com.zaxxer.hikari.HikariDataSource       : HikariPool-1 - Start completed.
2024-03-11T21:59:24.924+07:00  WARN 35018 --- [           main] org.hibernate.orm.deprecation            : HHH90000025: PostgreSQLDialect does not need to be specified explicitly using 'hibernate.dialect' (remove the property setting and it will be selected by default)
2024-03-11T21:59:25.657+07:00  INFO 35018 --- [           main] o.h.e.t.j.p.i.JtaPlatformInitiator       : HHH000489: No JTA platform available (set 'hibernate.transaction.jta.platform' to enable JTA platform integration)
2024-03-11T21:59:25.665+07:00 DEBUG 35018 --- [           main] org.hibernate.SQL                        : 
    alter table if exists booked_room 
       drop constraint if exists FKdpu8cukldi44emkf2rty0j40y
Hibernate: 
    alter table if exists booked_room 
       drop constraint if exists FKdpu8cukldi44emkf2rty0j40y
2024-03-11T21:59:25.736+07:00 DEBUG 35018 --- [           main] org.hibernate.SQL                        : 
    alter table if exists confirmation_token 
       drop constraint if exists FKah4p1rycwibwm6s9bsyeckq51
Hibernate: 
    alter table if exists confirmation_token 
       drop constraint if exists FKah4p1rycwibwm6s9bsyeckq51
2024-03-11T21:59:25.776+07:00 DEBUG 35018 --- [           main] org.hibernate.SQL                        : 
    alter table if exists room_photo_urls 
       drop constraint if exists FKpk7ywge9id201f57nffksiwbi
Hibernate: 
    alter table if exists room_photo_urls 
       drop constraint if exists FKpk7ywge9id201f57nffksiwbi
2024-03-11T21:59:25.811+07:00 DEBUG 35018 --- [           main] org.hibernate.SQL                        : 
    alter table if exists users_roles 
       drop constraint if exists FKt4v0rrweyk393bdgt107vdx0x
Hibernate: 
    alter table if exists users_roles 
       drop constraint if exists FKt4v0rrweyk393bdgt107vdx0x
2024-03-11T21:59:26.120+07:00 DEBUG 35018 --- [           main] org.hibernate.SQL                        : 
    alter table if exists users_roles 
       drop constraint if exists FK2o0jvgh89lemvvo17cbqvdxaa
Hibernate: 
    alter table if exists users_roles 
       drop constraint if exists FK2o0jvgh89lemvvo17cbqvdxaa
2024-03-11T21:59:26.179+07:00 DEBUG 35018 --- [           main] org.hibernate.SQL                        : 
    drop table if exists booked_room cascade
Hibernate: 
    drop table if exists booked_room cascade
2024-03-11T21:59:26.216+07:00 DEBUG 35018 --- [           main] org.hibernate.SQL                        : 
    drop table if exists confirmation_token cascade
Hibernate: 
    drop table if exists confirmation_token cascade
2024-03-11T21:59:26.251+07:00 DEBUG 35018 --- [           main] org.hibernate.SQL                        : 
    drop table if exists role cascade
Hibernate: 
    drop table if exists role cascade
2024-03-11T21:59:26.298+07:00 DEBUG 35018 --- [           main] org.hibernate.SQL                        : 
    drop table if exists room cascade
Hibernate: 
    drop table if exists room cascade
2024-03-11T21:59:26.330+07:00 DEBUG 35018 --- [           main] org.hibernate.SQL                        : 
    drop table if exists room_photo_urls cascade
Hibernate: 
    drop table if exists room_photo_urls cascade
2024-03-11T21:59:26.366+07:00 DEBUG 35018 --- [           main] org.hibernate.SQL                        : 
    drop table if exists users cascade
Hibernate: 
    drop table if exists users cascade
2024-03-11T21:59:26.399+07:00 DEBUG 35018 --- [           main] org.hibernate.SQL                        : 
    drop table if exists users_roles cascade
Hibernate: 
    drop table if exists users_roles cascade
2024-03-11T21:59:26.433+07:00 DEBUG 35018 --- [           main] org.hibernate.SQL                        : 
    drop sequence if exists confirmation_token_sequence
Hibernate: 
    drop sequence if exists confirmation_token_sequence
2024-03-11T21:59:26.477+07:00 DEBUG 35018 --- [           main] org.hibernate.SQL                        : 
    create sequence confirmation_token_sequence start with 1 increment by 1
Hibernate: 
    create sequence confirmation_token_sequence start with 1 increment by 1
2024-03-11T21:59:26.762+07:00 DEBUG 35018 --- [           main] org.hibernate.SQL                        : 
    create table booked_room (
        adults integer,
        check_in date,
        check_out date,
        children integer,
        total_guest integer,
        booking_id bigserial not null,
        room_id bigint,
        confirmation_code varchar(255),
        guest_email varchar(255),
        guest_full_name varchar(255),
        primary key (booking_id)
    )
Hibernate: 
    create table booked_room (
        adults integer,
        check_in date,
        check_out date,
        children integer,
        total_guest integer,
        booking_id bigserial not null,
        room_id bigint,
        confirmation_code varchar(255),
        guest_email varchar(255),
        guest_full_name varchar(255),
        primary key (booking_id)
    )
2024-03-11T21:59:26.800+07:00 DEBUG 35018 --- [           main] org.hibernate.SQL                        : 
    create table confirmation_token (
        confirmed_at timestamp(6),
        created_at timestamp(6) not null,
        expires_at timestamp(6) not null,
        id bigint not null,
        user_id bigint not null,
        token varchar(255) not null,
        primary key (id)
    )
Hibernate: 
    create table confirmation_token (
        confirmed_at timestamp(6),
        created_at timestamp(6) not null,
        expires_at timestamp(6) not null,
        id bigint not null,
        user_id bigint not null,
        token varchar(255) not null,
        primary key (id)
    )
2024-03-11T21:59:26.836+07:00 DEBUG 35018 --- [           main] org.hibernate.SQL                        : 
    create table role (
        id bigserial not null,
        name varchar(255),
        primary key (id)
    )
Hibernate: 
    create table role (
        id bigserial not null,
        name varchar(255),
        primary key (id)
    )
2024-03-11T21:59:26.870+07:00 DEBUG 35018 --- [           main] org.hibernate.SQL                        : 
    create table room (
        is_booked boolean,
        room_price numeric(38,2),
        id bigserial not null,
        room_type varchar(255),
        primary key (id)
    )
Hibernate: 
    create table room (
        is_booked boolean,
        room_price numeric(38,2),
        id bigserial not null,
        room_type varchar(255),
        primary key (id)
    )
2024-03-11T21:59:26.905+07:00 DEBUG 35018 --- [           main] org.hibernate.SQL                        : 
    create table room_photo_urls (
        room_id bigint not null,
        photo_urls TEXT
    )
Hibernate: 
    create table room_photo_urls (
        room_id bigint not null,
        photo_urls TEXT
    )
2024-03-11T21:59:26.940+07:00 DEBUG 35018 --- [           main] org.hibernate.SQL                        : 
    create table users (
        enabled boolean,
        locked boolean,
        id bigserial not null,
        email varchar(255),
        first_name varchar(255),
        last_name varchar(255),
        password varchar(255),
        primary key (id)
    )
Hibernate: 
    create table users (
        enabled boolean,
        locked boolean,
        id bigserial not null,
        email varchar(255),
        first_name varchar(255),
        last_name varchar(255),
        password varchar(255),
        primary key (id)
    )
2024-03-11T21:59:26.980+07:00 DEBUG 35018 --- [           main] org.hibernate.SQL                        : 
    create table users_roles (
        role_id bigint not null,
        user_id bigint not null
    )
Hibernate: 
    create table users_roles (
        role_id bigint not null,
        user_id bigint not null
    )
2024-03-11T21:59:27.013+07:00 DEBUG 35018 --- [           main] org.hibernate.SQL                        : 
    alter table if exists booked_room 
       add constraint FKdpu8cukldi44emkf2rty0j40y 
       foreign key (room_id) 
       references room
Hibernate: 
    alter table if exists booked_room 
       add constraint FKdpu8cukldi44emkf2rty0j40y 
       foreign key (room_id) 
       references room
2024-03-11T21:59:27.044+07:00 DEBUG 35018 --- [           main] org.hibernate.SQL                        : 
    alter table if exists confirmation_token 
       add constraint FKah4p1rycwibwm6s9bsyeckq51 
       foreign key (user_id) 
       references users
Hibernate: 
    alter table if exists confirmation_token 
       add constraint FKah4p1rycwibwm6s9bsyeckq51 
       foreign key (user_id) 
       references users
2024-03-11T21:59:27.079+07:00 DEBUG 35018 --- [           main] org.hibernate.SQL                        : 
    alter table if exists room_photo_urls 
       add constraint FKpk7ywge9id201f57nffksiwbi 
       foreign key (room_id) 
       references room
Hibernate: 
    alter table if exists room_photo_urls 
       add constraint FKpk7ywge9id201f57nffksiwbi 
       foreign key (room_id) 
       references room
2024-03-11T21:59:27.358+07:00 DEBUG 35018 --- [           main] org.hibernate.SQL                        : 
    alter table if exists users_roles 
       add constraint FKt4v0rrweyk393bdgt107vdx0x 
       foreign key (role_id) 
       references role
Hibernate: 
    alter table if exists users_roles 
       add constraint FKt4v0rrweyk393bdgt107vdx0x 
       foreign key (role_id) 
       references role
2024-03-11T21:59:27.698+07:00 DEBUG 35018 --- [           main] org.hibernate.SQL                        : 
    alter table if exists users_roles 
       add constraint FK2o0jvgh89lemvvo17cbqvdxaa 
       foreign key (user_id) 
       references users
Hibernate: 
    alter table if exists users_roles 
       add constraint FK2o0jvgh89lemvvo17cbqvdxaa 
       foreign key (user_id) 
       references users
2024-03-11T21:59:27.743+07:00  INFO 35018 --- [           main] j.LocalContainerEntityManagerFactoryBean : Initialized JPA EntityManagerFactory for persistence unit 'default'
2024-03-11T21:59:27.968+07:00  INFO 35018 --- [           main] o.s.d.j.r.query.QueryEnhancerFactory     : Hibernate is in classpath; If applicable, HQL parser will be used.
2024-03-11T21:59:28.607+07:00  WARN 35018 --- [           main] c.a.a.p.i.BasicProfileConfigLoader       : Your profile name includes a 'profile ' prefix. This is considered part of the profile name in the Java SDK, so you will need to include this prefix in your profile name when you reference this profile from your Java code.
2024-03-11T21:59:28.670+07:00  WARN 35018 --- [           main] c.a.a.p.i.BasicProfileConfigLoader       : Your profile name includes a 'profile ' prefix. This is considered part of the profile name in the Java SDK, so you will need to include this prefix in your profile name when you reference this profile from your Java code.
2024-03-11T21:59:28.729+07:00  WARN 35018 --- [           main] c.a.a.p.i.BasicProfileConfigLoader       : Your profile name includes a 'profile ' prefix. This is considered part of the profile name in the Java SDK, so you will need to include this prefix in your profile name when you reference this profile from your Java code.
2024-03-11T21:59:28.824+07:00  WARN 35018 --- [           main] JpaBaseConfiguration$JpaWebConfiguration : spring.jpa.open-in-view is enabled by default. Therefore, database queries may be performed during view rendering. Explicitly configure spring.jpa.open-in-view to disable this warning
2024-03-11T21:59:29.073+07:00  INFO 35018 --- [           main] o.s.s.web.DefaultSecurityFilterChain     : Will secure any request with [org.springframework.security.web.session.DisableEncodeUrlFilter@30d14f84, org.springframework.security.web.context.request.async.WebAsyncManagerIntegrationFilter@c7b6c50, org.springframework.security.web.context.SecurityContextHolderFilter@73c2097e, org.springframework.security.web.header.HeaderWriterFilter@5bd3d747, org.springframework.web.filter.CorsFilter@3687f6b6, org.springframework.security.web.authentication.logout.LogoutFilter@36173114, org.springframework.web.filter.CorsFilter@3687f6b6, org.tripleng.likesidehotel.config.jwt.AuthTokenFilter@682f9202, org.springframework.security.web.savedrequest.RequestCacheAwareFilter@38aca984, org.springframework.security.web.servletapi.SecurityContextHolderAwareRequestFilter@8179cad, org.springframework.security.web.authentication.AnonymousAuthenticationFilter@2f6a923d, org.springframework.security.web.session.SessionManagementFilter@5599f7a5, org.springframework.security.web.access.ExceptionTranslationFilter@2089ea49, org.springframework.security.web.access.intercept.AuthorizationFilter@7e9bb52f]
2024-03-11T21:59:29.280+07:00  INFO 35018 --- [           main] o.t.l.LikeSideHotelApplicationTests      : Started LikeSideHotelApplicationTests in 6.511 seconds (process running for 7.096)
2024-03-11T21:59:29.880+07:00 DEBUG 35018 --- [           main] org.hibernate.SQL                        : 
    insert 
    into
        role
        (name) 
    values
        (?)
Hibernate: 
    insert 
    into
        role
        (name) 
    values
        (?)
2024-03-11T21:59:29.959+07:00 DEBUG 35018 --- [           main] org.hibernate.SQL                        : 
    insert 
    into
        role
        (name) 
    values
        (?)
Hibernate: 
    insert 
    into
        role
        (name) 
    values
        (?)
2024-03-11T21:59:30.052+07:00 DEBUG 35018 --- [           main] org.hibernate.SQL                        : 
    insert 
    into
        role
        (name) 
    values
        (?)
Hibernate: 
    insert 
    into
        role
        (name) 
    values
        (?)
2024-03-11T21:59:30.246+07:00 DEBUG 35018 --- [           main] org.hibernate.SQL                        : 
    select
        r1_0.id,
        r1_0.name 
    from
        role r1_0 
    where
        r1_0.name=?
Hibernate: 
    select
        r1_0.id,
        r1_0.name 
    from
        role r1_0 
    where
        r1_0.name=?
2024-03-11T21:59:30.289+07:00 DEBUG 35018 --- [           main] org.hibernate.SQL                        : 
    select
        u1_0.id,
        u1_0.email,
        u1_0.enabled,
        u1_0.first_name,
        u1_0.last_name,
        u1_0.locked,
        u1_0.password,
        r1_0.user_id,
        r1_1.id,
        r1_1.name 
    from
        users u1_0 
    left join
        users_roles r1_0 
            on u1_0.id=r1_0.user_id 
    left join
        role r1_1 
            on r1_1.id=r1_0.role_id 
    where
        u1_0.id=?
Hibernate: 
    select
        u1_0.id,
        u1_0.email,
        u1_0.enabled,
        u1_0.first_name,
        u1_0.last_name,
        u1_0.locked,
        u1_0.password,
        r1_0.user_id,
        r1_1.id,
        r1_1.name 
    from
        users u1_0 
    left join
        users_roles r1_0 
            on u1_0.id=r1_0.user_id 
    left join
        role r1_1 
            on r1_1.id=r1_0.role_id 
    where
        u1_0.id=?
2024-03-11T21:59:30.329+07:00 DEBUG 35018 --- [           main] org.hibernate.SQL                        : 
    insert 
    into
        users
        (email, enabled, first_name, last_name, locked, password) 
    values
        (?, ?, ?, ?, ?, ?)
Hibernate: 
    insert 
    into
        users
        (email, enabled, first_name, last_name, locked, password) 
    values
        (?, ?, ?, ?, ?, ?)
2024-03-11T21:59:30.376+07:00 DEBUG 35018 --- [           main] org.hibernate.SQL                        : 
    select
        r1_0.id,
        r1_0.name 
    from
        role r1_0 
    where
        r1_0.id=?
Hibernate: 
    select
        r1_0.id,
        r1_0.name 
    from
        role r1_0 
    where
        r1_0.id=?
2024-03-11T21:59:30.416+07:00 DEBUG 35018 --- [           main] org.hibernate.SQL                        : 
    insert 
    into
        users_roles
        (user_id, role_id) 
    values
        (?, ?)
Hibernate: 
    insert 
    into
        users_roles
        (user_id, role_id) 
    values
        (?, ?)
]]></system-out>
  </testcase>
</testsuite>